[2026-02-09T10:10:48.546Z] 5:10:48 AM [vite] changed tsconfig file detected: /home/ubuntu/manus-agent-web/tsconfig.json - Clearing cache and forcing full-reload to ensure TypeScript is compiled with updated config values.
[2026-02-09T10:10:48.570Z] 5:10:48 AM [vite] (client) page reload public/.gitkeep
[2026-02-09T10:10:48.571Z] 5:10:48 AM [vite] (client) page reload public/manifest.json
[2026-02-09T10:10:48.571Z] 5:10:48 AM [vite] (client) page reload public/service-worker.js
[2026-02-09T10:10:48.572Z] 5:10:48 AM [vite] (client) page reload public/sw.js
[2026-02-09T10:10:48.572Z] 5:10:48 AM [vite] (client) page reload public/__manus__/debug-collector.js
[2026-02-09T10:10:48.572Z] 5:10:48 AM [vite] (client) page reload index.html
[2026-02-09T10:10:48.573Z] 5:10:48 AM [vite] (client) page reload src/App.tsx
[2026-02-09T10:10:48.573Z] 5:10:48 AM [vite] (client) page reload src/const.ts
[2026-02-09T10:10:48.573Z] 5:10:48 AM [vite] (client) hmr update /src/index.css
[2026-02-09T10:10:48.574Z] 5:10:48 AM [vite] (client) page reload src/main.tsx
[2026-02-09T10:10:48.574Z] 5:10:48 AM [vite] (client) page reload src/__tests__/advancedMobileFeatures.test.ts
[2026-02-09T10:10:48.574Z] 5:10:48 AM [vite] (client) page reload src/__tests__/video-production-workflow.test.ts
[2026-02-09T10:10:48.575Z] 5:10:48 AM [vite] (client) page reload src/_core/hooks/useAuth.ts
[2026-02-09T10:10:48.575Z] 5:10:48 AM [vite] (client) page reload src/components/AIChatBox.tsx
[2026-02-09T10:10:48.575Z] 5:10:48 AM [vite] (client) page reload src/components/AccessibilityFeatures.tsx
[2026-02-09T10:10:48.575Z] 5:10:48 AM [vite] (client) page reload src/components/AccessibilityPanel.tsx
[2026-02-09T10:10:48.576Z] 5:10:48 AM [vite] (client) page reload src/components/ActionLogViewer.tsx
[2026-02-09T10:10:48.576Z] 5:10:48 AM [vite] (client) page reload src/components/AdminApprovalQueue.tsx
[2026-02-09T10:10:48.576Z] 5:10:48 AM [vite] (client) page reload src/components/AdminOverridePanel.tsx
[2026-02-09T10:10:48.577Z] 5:10:48 AM [vite] (client) page reload src/components/AdvancedFilterBuilder.tsx
[2026-02-09T10:10:48.577Z] 5:10:48 AM [vite] (client) page reload src/components/AdvancedFiltering.tsx
[2026-02-09T10:10:48.577Z] 5:10:48 AM [vite] (client) page reload src/components/AdvancedSearch.tsx
[2026-02-09T10:10:48.577Z] 5:10:48 AM [vite] (client) page reload src/components/AgentLayout.tsx
[2026-02-09T10:10:48.578Z] 5:10:48 AM [vite] (client) page reload src/components/AgentNetworkDashboard.tsx
[2026-02-09T10:10:48.578Z] 5:10:48 AM [vite] (client) page reload src/components/AgentStatusIndicator.tsx
[2026-02-09T10:10:48.578Z] 5:10:48 AM [vite] (client) page reload src/components/AnalyticsDashboard.tsx
[2026-02-09T10:10:48.579Z] 5:10:48 AM [vite] (client) page reload src/components/AnalyticsFilter.tsx
[2026-02-09T10:10:48.579Z] 5:10:48 AM [vite] (client) page reload src/components/AnomalyDetectionPanel.tsx
[2026-02-09T10:10:48.579Z] 5:10:48 AM [vite] (client) page reload src/components/AppHeader.tsx
[2026-02-09T10:10:48.580Z] 5:10:48 AM [vite] (client) page reload src/components/AppHeaderEnhanced.tsx
[2026-02-09T10:10:48.580Z] 5:10:48 AM [vite] (client) page reload src/components/ApprovalNotificationCenter.tsx
[2026-02-09T10:10:48.581Z] 5:10:48 AM [vite] (client) page reload src/components/AudioPlayer.tsx
[2026-02-09T10:10:48.581Z] 5:10:48 AM [vite] (client) page reload src/components/AudioVisualizer.tsx
[2026-02-09T10:10:48.581Z] 5:10:48 AM [vite] (client) page reload src/components/BackupManager.tsx
[2026-02-09T10:10:48.581Z] 5:10:48 AM [vite] (client) page reload src/components/BatchOperations.tsx
[2026-02-09T10:10:48.582Z] 5:10:48 AM [vite] (client) page reload src/components/BatchProcessing.tsx
[2026-02-09T10:10:48.582Z] 5:10:48 AM [vite] (client) page reload src/components/BatchVideoProcessor.tsx
[2026-02-09T10:10:48.582Z] 5:10:48 AM [vite] (client) page reload src/components/BookKeeping.tsx
[2026-02-09T10:10:48.583Z] 5:10:48 AM [vite] (client) page reload src/components/BookmarkedConversations.tsx
[2026-02-09T10:10:48.583Z] 5:10:48 AM [vite] (client) page reload src/components/Breadcrumbs.tsx
[2026-02-09T10:10:48.583Z] 5:10:48 AM [vite] (client) page reload src/components/BroadcastGenerator.tsx
[2026-02-09T10:10:48.584Z] 5:10:48 AM [vite] (client) page reload src/components/BroadcastScheduler.tsx
[2026-02-09T10:10:48.584Z] 5:10:48 AM [vite] (client) page reload src/components/BroadcastVOD.tsx
[2026-02-09T10:10:48.584Z] 5:10:48 AM [vite] (client) page reload src/components/ChatHeader.tsx
[2026-02-09T10:10:48.584Z] 5:10:48 AM [vite] (client) page reload src/components/ChatInterface.tsx
[2026-02-09T10:10:48.585Z] 5:10:48 AM [vite] (client) page reload src/components/ChatMessage.tsx
[2026-02-09T10:10:48.585Z] 5:10:48 AM [vite] (client) page reload src/components/CollaborationIndicators.tsx
[2026-02-09T10:10:48.585Z] 5:10:48 AM [vite] (client) page reload src/components/CollaborationPanel.tsx
[2026-02-09T10:10:48.586Z] 5:10:48 AM [vite] (client) page reload src/components/CollaborativeEditor.tsx
[2026-02-09T10:10:48.586Z] 5:10:48 AM [vite] (client) page reload src/components/CollectionsManager.tsx
[2026-02-09T10:10:48.586Z] 5:10:48 AM [vite] (client) page reload src/components/CommandPalette.tsx
[2026-02-09T10:10:48.586Z] 5:10:48 AM [vite] (client) page reload src/components/CommandRouter.ts
[2026-02-09T10:10:48.587Z] 5:10:48 AM [vite] (client) page reload src/components/ComplianceAdmin.tsx
[2026-02-09T10:10:48.587Z] 5:10:48 AM [vite] (client) page reload src/components/ComprehensiveDashboard.tsx
[2026-02-09T10:10:48.587Z] 5:10:48 AM [vite] (client) page reload src/components/ConfigPanel.tsx
[2026-02-09T10:10:48.588Z] 5:10:48 AM [vite] (client) page reload src/components/ConflictResolver.tsx
[2026-02-09T10:10:48.588Z] 5:10:48 AM [vite] (client) page reload src/components/ContentGenerationForm.tsx
[2026-02-09T10:10:48.588Z] 5:10:48 AM [vite] (client) page reload src/components/ContentPreviewModal.tsx
[2026-02-09T10:10:48.589Z] 5:10:48 AM [vite] (client) page reload src/components/ContentRecommendationEngine.tsx
[2026-02-09T10:10:48.589Z] 5:10:48 AM [vite] (client) page reload src/components/ConversationAnalytics.tsx
[2026-02-09T10:10:48.589Z] 5:10:48 AM [vite] (client) page reload src/components/ConversationExport.tsx
[2026-02-09T10:10:48.590Z] 5:10:48 AM [vite] (client) page reload src/components/ConversationSearch.tsx
[2026-02-09T10:10:48.590Z] 5:10:48 AM [vite] (client) page reload src/components/ConversationTemplates.tsx
[2026-02-09T10:10:48.590Z] 5:10:48 AM [vite] (client) page reload src/components/DashboardLayout.tsx
[2026-02-09T10:10:48.591Z] 5:10:48 AM [vite] (client) page reload src/components/DashboardLayoutSkeleton.tsx
[2026-02-09T10:10:48.591Z] 5:10:48 AM [vite] (client) page reload src/components/DashboardWidgets.tsx
[2026-02-09T10:10:48.591Z] 5:10:48 AM [vite] (client) page reload src/components/DeploymentConfig.tsx
[2026-02-09T10:10:48.591Z] 5:10:48 AM [vite] (client) page reload src/components/DeploymentDashboard.tsx
[2026-02-09T10:10:48.592Z] 5:10:48 AM [vite] (client) page reload src/components/DroneLogisticsTracker.tsx
[2026-02-09T10:10:48.592Z] 5:10:48 AM [vite] (client) page reload src/components/DroneVideoCapture.tsx
[2026-02-09T10:10:48.592Z] 5:10:48 AM [vite] (client) page reload src/components/EarningsDashboard.tsx
[2026-02-09T10:10:48.593Z] 5:10:48 AM [vite] (client) page reload src/components/EditingPresets.tsx
[2026-02-09T10:10:48.593Z] 5:10:48 AM [vite] (client) page reload src/components/EmergencyBroadcastProtocol.tsx
[2026-02-09T10:10:48.593Z] 5:10:48 AM [vite] (client) page reload src/components/EmojiReactions.tsx
[2026-02-09T10:10:48.593Z] 5:10:48 AM [vite] (client) page reload src/components/EnhancedChatWithStreaming.tsx
[2026-02-09T10:10:48.594Z] 5:10:48 AM [vite] (client) page reload src/components/EnhancedErrorBoundary.tsx
[2026-02-09T10:10:48.594Z] 5:10:48 AM [vite] (client) page reload src/components/EnhancedPodcastPlayer.tsx
[2026-02-09T10:10:48.595Z] 5:10:48 AM [vite] (client) page reload src/components/ErrorBoundary.tsx
[2026-02-09T10:10:48.595Z] 5:10:48 AM [vite] (client) page reload src/components/FailoverSimulationTesting.tsx
[2026-02-09T10:10:48.595Z] 5:10:48 AM [vite] (client) page reload src/components/FeedbackWidget.tsx
[2026-02-09T10:10:48.596Z] 5:10:48 AM [vite] (client) page reload src/components/FileBrowser.tsx
[2026-02-09T10:10:48.596Z] 5:10:48 AM [vite] (client) page reload src/components/FilmProductionStudio.tsx
[2026-02-09T10:10:48.596Z] 5:10:48 AM [vite] (client) page reload src/components/FlatWorldMap.tsx
[2026-02-09T10:10:48.596Z] 5:10:48 AM [vite] (client) page reload src/components/FunctionalFeatures.tsx
[2026-02-09T10:10:48.597Z] 5:10:48 AM [vite] (client) page reload src/components/GPSRadarMap.tsx
[2026-02-09T10:10:48.597Z] 5:10:48 AM [vite] (client) page reload src/components/HybridCastBroadcastEnhanced.tsx
[2026-02-09T10:10:48.597Z] 5:10:48 AM [vite] (client) page reload src/components/HybridCastBroadcaster.tsx
[2026-02-09T10:10:48.597Z] 5:10:48 AM [vite] (client) page reload src/components/HybridCastFavoritesPanel.tsx
[2026-02-09T10:10:48.598Z] 5:10:48 AM [vite] (client) page reload src/components/HybridCastIframeWrapper.tsx
[2026-02-09T10:10:48.598Z] 5:10:48 AM [vite] (client) page reload src/components/HybridCastSearchFilter.tsx
[2026-02-09T10:10:48.598Z] 5:10:48 AM [vite] (client) page reload src/components/HybridCastStatusWidget.tsx
[2026-02-09T10:10:48.599Z] 5:10:48 AM [vite] (client) page reload src/components/HybridCastTabNavigation.tsx
[2026-02-09T10:10:48.599Z] 5:10:48 AM [vite] (client) page reload src/components/HybridCastTabNavigationFixed.tsx
[2026-02-09T10:10:48.599Z] 5:10:48 AM [vite] (client) page reload src/components/IncidentManagementDashboard.tsx
[2026-02-09T10:10:48.599Z] 5:10:48 AM [vite] (client) page reload src/components/KeyboardShortcutsGuide.tsx
[2026-02-09T10:10:48.600Z] 5:10:48 AM [vite] (client) page reload src/components/KeyboardShortcutsHelp.tsx
[2026-02-09T10:10:48.600Z] 5:10:48 AM [vite] (client) page reload src/components/ListenerAnalyticsDashboard.tsx
[2026-02-09T10:10:48.600Z] 5:10:48 AM [vite] (client) page reload src/components/ListenerMetrics.tsx
[2026-02-09T10:10:48.601Z] 5:10:48 AM [vite] (client) page reload src/components/LocationChatRooms.tsx
[2026-02-09T10:10:48.601Z] 5:10:48 AM [vite] (client) page reload src/components/ManusDialog.tsx
[2026-02-09T10:10:48.601Z] 5:10:48 AM [vite] (client) page reload src/components/Map.tsx
[2026-02-09T10:10:48.601Z] 5:10:48 AM [vite] (client) page reload src/components/MapArsenal.tsx
[2026-02-09T10:10:48.602Z] 5:10:48 AM [vite] (client) page reload src/components/MegaControlStationDashboard.tsx
[2026-02-09T10:10:48.602Z] 5:10:48 AM [vite] (client) page reload src/components/MemoryBrowser.tsx
[2026-02-09T10:10:48.602Z] 5:10:48 AM [vite] (client) page reload src/components/MeshNetworkVisualization.tsx
[2026-02-09T10:10:48.603Z] 5:10:48 AM [vite] (client) page reload src/components/MeshNetworkVisualizationEnhanced.tsx
[2026-02-09T10:10:48.603Z] 5:10:48 AM [vite] (client) page reload src/components/MessageEditor.tsx
[2026-02-09T10:10:48.603Z] 5:10:48 AM [vite] (client) page reload src/components/MessageSearch.tsx
[2026-02-09T10:10:48.604Z] 5:10:48 AM [vite] (client) page reload src/components/MicrophoneWidget.tsx
[2026-02-09T10:10:48.604Z] 5:10:48 AM [vite] (client) page reload src/components/MobileBottomNav.tsx
[2026-02-09T10:10:48.604Z] 5:10:48 AM [vite] (client) page reload src/components/MobileBottomNavigation.tsx
[2026-02-09T10:10:48.604Z] 5:10:48 AM [vite] (client) page reload src/components/MobileDrawer.tsx
[2026-02-09T10:10:48.605Z] 5:10:48 AM [vite] (client) page reload src/components/MobileHeader.tsx
[2026-02-09T10:10:48.605Z] 5:10:48 AM [vite] (client) page reload src/components/MobileHeaderClean.tsx
[2026-02-09T10:10:48.605Z] 5:10:48 AM [vite] (client) page reload src/components/MobileOfflinePlaylist.tsx
[2026-02-09T10:10:48.605Z] 5:10:48 AM [vite] (client) page reload src/components/MobileOptimized.test.ts
[2026-02-09T10:10:48.606Z] 5:10:48 AM [vite] (client) page reload src/components/MobileOptimized.tsx
[2026-02-09T10:10:48.606Z] 5:10:48 AM [vite] (client) page reload src/components/MobileOptimizedDashboard.tsx
[2026-02-09T10:10:48.606Z] 5:10:48 AM [vite] (client) page reload src/components/MobilePreferenceSync.tsx
[2026-02-09T10:10:48.606Z] 5:10:48 AM [vite] (client) page reload src/components/MobileResponsiveLayout.tsx
[2026-02-09T10:10:48.607Z] 5:10:48 AM [vite] (client) page reload src/components/MobileSocialSharing.tsx
[2026-02-09T10:10:48.607Z] 5:10:48 AM [vite] (client) page reload src/components/MobileTabMenu.tsx
[2026-02-09T10:10:48.607Z] 5:10:48 AM [vite] (client) page reload src/components/MobileTouchOptimizer.tsx
[2026-02-09T10:10:48.608Z] 5:10:48 AM [vite] (client) page reload src/components/MonitoringDashboard.tsx
[2026-02-09T10:10:48.608Z] 5:10:48 AM [vite] (client) page reload src/components/NetworkStatusDashboard.tsx
[2026-02-09T10:10:48.608Z] 5:10:48 AM [vite] (client) page reload src/components/NewsletterSignup.tsx
[2026-02-09T10:10:48.608Z] 5:10:48 AM [vite] (client) page reload src/components/NotificationCenter.tsx
[2026-02-09T10:10:48.609Z] 5:10:48 AM [vite] (client) page reload src/components/NotificationSoundLibrary.tsx
[2026-02-09T10:10:48.609Z] 5:10:48 AM [vite] (client) page reload src/components/NotificationToast.tsx
[2026-02-09T10:10:48.609Z] 5:10:48 AM [vite] (client) page reload src/components/NotificationsDashboard.tsx
[2026-02-09T10:10:48.609Z] 5:10:48 AM [vite] (client) page reload src/components/OfflineMode.tsx
[2026-02-09T10:10:48.610Z] 5:10:48 AM [vite] (client) page reload src/components/PerformanceOptimizationDashboard.tsx
[2026-02-09T10:10:48.610Z] 5:10:48 AM [vite] (client) page reload src/components/PerformanceRegressionDashboard.tsx
[2026-02-09T10:10:48.610Z] 5:10:48 AM [vite] (client) page reload src/components/PermissionsManager.tsx
[2026-02-09T10:10:48.611Z] 5:10:48 AM [vite] (client) page reload src/components/PersonalityProfiles.tsx
[2026-02-09T10:10:48.611Z] 5:10:48 AM [vite] (client) page reload src/components/PinnedMessages.tsx
[2026-02-09T10:10:48.611Z] 5:10:48 AM [vite] (client) page reload src/components/PodcastPlayer.tsx
[2026-02-09T10:10:48.611Z] 5:10:48 AM [vite] (client) page reload src/components/QueueManager.tsx
[2026-02-09T10:10:48.612Z] 5:10:48 AM [vite] (client) page reload src/components/QumusChatCommandCenter.tsx
[2026-02-09T10:10:48.612Z] 5:10:48 AM [vite] (client) page reload src/components/QumusChatInterface.tsx
[2026-02-09T10:10:48.612Z] 5:10:48 AM [vite] (client) page reload src/components/QumusChatWithCommands.tsx
[2026-02-09T10:10:48.613Z] 5:10:48 AM [vite] (client) page reload src/components/QumusChatWithOverride.tsx
[2026-02-09T10:10:48.613Z] 5:10:48 AM [vite] (client) page reload src/components/QumusMonitoringDashboard.tsx
[2026-02-09T10:10:48.613Z] 5:10:48 AM [vite] (client) page reload src/components/RRBBroadcastMonitoring.tsx
[2026-02-09T10:10:48.613Z] 5:10:48 AM [vite] (client) page reload src/components/RateLimitingUI.tsx
[2026-02-09T10:10:48.614Z] 5:10:48 AM [vite] (client) page reload src/components/RealTimeDecisionVisualization.tsx
[2026-02-09T10:10:48.614Z] 5:10:48 AM [vite] (client) page reload src/components/RealTimeTranscription.tsx
[2026-02-09T10:10:48.614Z] 5:10:48 AM [vite] (client) page reload src/components/RealtimeCollaboration.tsx
[2026-02-09T10:10:48.615Z] 5:10:48 AM [vite] (client) page reload src/components/RealtimeCollaborationUI.tsx
[2026-02-09T10:10:48.615Z] 5:10:48 AM [vite] (client) page reload src/components/RecordingControls.tsx
[2026-02-09T10:10:48.615Z] 5:10:48 AM [vite] (client) page reload src/components/RockinBoogiePlayer.tsx
[2026-02-09T10:10:48.615Z] 5:10:48 AM [vite] (client) page reload src/components/RockinBoogiePlayerEnhanced.tsx
[2026-02-09T10:10:48.616Z] 5:10:48 AM [vite] (client) page reload src/components/RockinBoogiePlayerFinal.tsx
[2026-02-09T10:10:48.616Z] 5:10:48 AM [vite] (client) page reload src/components/RockinBoogiePlayerUpgraded.tsx
[2026-02-09T10:10:48.616Z] 5:10:48 AM [vite] (client) page reload src/components/RockinBoogieWidget.tsx
[2026-02-09T10:10:48.617Z] 5:10:48 AM [vite] (client) page reload src/components/RunbookExecutionUI.tsx
[2026-02-09T10:10:48.617Z] 5:10:48 AM [vite] (client) page reload src/components/SLAComplianceDashboard.tsx
[2026-02-09T10:10:48.617Z] 5:10:48 AM [vite] (client) page reload src/components/ScheduleManager.tsx
[2026-02-09T10:10:48.617Z] 5:10:48 AM [vite] (client) page reload src/components/ScheduledGenerationDashboard.tsx
[2026-02-09T10:10:48.618Z] 5:10:48 AM [vite] (client) page reload src/components/SeamlessAgentConnectionHub.tsx
[2026-02-09T10:10:48.618Z] 5:10:48 AM [vite] (client) page reload src/components/SessionBookmarks.tsx
[2026-02-09T10:10:48.618Z] 5:10:48 AM [vite] (client) page reload src/components/SessionBranching.tsx
[2026-02-09T10:10:48.618Z] 5:10:48 AM [vite] (client) page reload src/components/SessionComments.tsx
[2026-02-09T10:10:48.619Z] 5:10:48 AM [vite] (client) page reload src/components/SessionComparison.tsx
[2026-02-09T10:10:48.619Z] 5:10:48 AM [vite] (client) page reload src/components/SessionDiffViewer.tsx
[2026-02-09T10:10:48.619Z] 5:10:48 AM [vite] (client) page reload src/components/SessionExport.tsx
[2026-02-09T10:10:48.620Z] 5:10:48 AM [vite] (client) page reload src/components/SessionPinning.tsx
[2026-02-09T10:10:48.620Z] 5:10:48 AM [vite] (client) page reload src/components/SessionReplay.tsx
[2026-02-09T10:10:48.620Z] 5:10:48 AM [vite] (client) page reload src/components/SessionSearch.tsx
[2026-02-09T10:10:48.621Z] 5:10:48 AM [vite] (client) page reload src/components/SessionSharing.tsx
[2026-02-09T10:10:48.621Z] 5:10:48 AM [vite] (client) page reload src/components/SessionTemplates.tsx
[2026-02-09T10:10:48.621Z] 5:10:48 AM [vite] (client) page reload src/components/SessionVersionHistory.tsx
[2026-02-09T10:10:48.621Z] 5:10:48 AM [vite] (client) page reload src/components/ShareConversation.tsx
[2026-02-09T10:10:48.622Z] 5:10:48 AM [vite] (client) page reload src/components/ShareableLink.tsx
[2026-02-09T10:10:48.622Z] 5:10:48 AM [vite] (client) page reload src/components/SharedListeningSession.tsx
[2026-02-09T10:10:48.622Z] 5:10:48 AM [vite] (client) page reload src/components/SimplifiedMobileNav.tsx
[2026-02-09T10:10:48.623Z] 5:10:48 AM [vite] (client) page reload src/components/TaskHistoryTracker.tsx
[2026-02-09T10:10:48.623Z] 5:10:48 AM [vite] (client) page reload src/components/TeamAnalyticsDashboard.tsx
[2026-02-09T10:10:48.624Z] 5:10:48 AM [vite] (client) page reload src/components/ThemeToggle.tsx
[2026-02-09T10:10:48.624Z] 5:10:48 AM [vite] (client) page reload src/components/TimelineEditor.tsx
[2026-02-09T10:10:48.624Z] 5:10:48 AM [vite] (client) page reload src/components/ToolDashboard.tsx
[2026-02-09T10:10:48.625Z] 5:10:48 AM [vite] (client) page reload src/components/TypingIndicator.tsx
[2026-02-09T10:10:48.625Z] 5:10:48 AM [vite] (client) page reload src/components/UndoRedoControls.tsx
[2026-02-09T10:10:48.625Z] 5:10:48 AM [vite] (client) page reload src/components/UnifiedAudioPlayer.tsx
[2026-02-09T10:10:48.626Z] 5:10:48 AM [vite] (client) page reload src/components/UserPreferencesPanel.tsx
[2026-02-09T10:10:48.626Z] 5:10:48 AM [vite] (client) page reload src/components/VersionHistory.tsx
[2026-02-09T10:10:48.626Z] 5:10:48 AM [vite] (client) page reload src/components/VideoComments.tsx
[2026-02-09T10:10:48.626Z] 5:10:48 AM [vite] (client) page reload src/components/VideoEditor.tsx
[2026-02-09T10:10:48.627Z] 5:10:48 AM [vite] (client) page reload src/components/VideoGallery.tsx
[2026-02-09T10:10:48.627Z] 5:10:48 AM [vite] (client) page reload src/components/VideoGenerationWithWorkflow.tsx
[2026-02-09T10:10:48.627Z] 5:10:48 AM [vite] (client) page reload src/components/VideoGenerator.tsx
[2026-02-09T10:10:48.628Z] 5:10:48 AM [vite] (client) page reload src/components/VideoPreview.tsx
[2026-02-09T10:10:48.628Z] 5:10:48 AM [vite] (client) page reload src/components/VideoPreviewEmbed.tsx
[2026-02-09T10:10:48.628Z] 5:10:48 AM [vite] (client) page reload src/components/VideoReactions.tsx
[2026-02-09T10:10:48.628Z] 5:10:48 AM [vite] (client) page reload src/components/VoiceChat.tsx
[2026-02-09T10:10:48.629Z] 5:10:48 AM [vite] (client) page reload src/components/VoiceInput.tsx
[2026-02-09T10:10:48.629Z] 5:10:48 AM [vite] (client) page reload src/components/VoiceToText.tsx
[2026-02-09T10:10:48.629Z] 5:10:48 AM [vite] (client) page reload src/components/WebSocketStatus.tsx
[2026-02-09T10:10:48.629Z] 5:10:48 AM [vite] (client) page reload src/components/WorkflowBuilder.tsx
[2026-02-09T10:10:48.630Z] 5:10:48 AM [vite] (client) page reload src/components/WorkspaceDashboard.tsx
[2026-02-09T10:10:48.630Z] 5:10:48 AM [vite] (client) page reload src/components/WorkspaceManager.tsx
[2026-02-09T10:10:48.630Z] 5:10:48 AM [vite] (client) page reload src/components/__tests__/AudioPlayback.test.ts
[2026-02-09T10:10:48.631Z] 5:10:48 AM [vite] (client) page reload src/components/batch/BatchProcessingDashboard.tsx
[2026-02-09T10:10:48.631Z] 5:10:48 AM [vite] (client) page reload src/components/onboarding/FeatureOnboardingTour.tsx
[2026-02-09T10:10:48.631Z] 5:10:48 AM [vite] (client) page reload src/components/storyboard/AIStoryboardingEngine.tsx
[2026-02-09T10:10:48.631Z] 5:10:48 AM [vite] (client) page reload src/components/ui/accordion.tsx
[2026-02-09T10:10:48.632Z] 5:10:48 AM [vite] (client) page reload src/components/ui/alert-dialog.tsx
[2026-02-09T10:10:48.632Z] 5:10:48 AM [vite] (client) page reload src/components/ui/alert.tsx
[2026-02-09T10:10:48.632Z] 5:10:48 AM [vite] (client) page reload src/components/ui/aspect-ratio.tsx
[2026-02-09T10:10:48.633Z] 5:10:48 AM [vite] (client) page reload src/components/ui/avatar.tsx
[2026-02-09T10:10:48.633Z] 5:10:48 AM [vite] (client) page reload src/components/ui/badge.tsx
[2026-02-09T10:10:48.633Z] 5:10:48 AM [vite] (client) page reload src/components/ui/breadcrumb.tsx
[2026-02-09T10:10:48.633Z] 5:10:48 AM [vite] (client) page reload src/components/ui/button-group.tsx
[2026-02-09T10:10:48.634Z] 5:10:48 AM [vite] (client) page reload src/components/ui/button.tsx
[2026-02-09T10:10:48.634Z] 5:10:48 AM [vite] (client) page reload src/components/ui/calendar.tsx
[2026-02-09T10:10:48.634Z] 5:10:48 AM [vite] (client) page reload src/components/ui/card.tsx
[2026-02-09T10:10:48.635Z] 5:10:48 AM [vite] (client) page reload src/components/ui/carousel.tsx
[2026-02-09T10:10:48.635Z] 5:10:48 AM [vite] (client) page reload src/components/ui/chart.tsx
[2026-02-09T10:10:48.637Z] 5:10:48 AM [vite] (client) page reload src/components/ui/checkbox.tsx
[2026-02-09T10:10:48.638Z] 5:10:48 AM [vite] (client) page reload src/components/ui/collapsible.tsx
[2026-02-09T10:10:48.638Z] 5:10:48 AM [vite] (client) page reload src/components/ui/command.tsx
[2026-02-09T10:10:48.638Z] 5:10:48 AM [vite] (client) page reload src/components/ui/context-menu.tsx
[2026-02-09T10:10:48.639Z] 5:10:48 AM [vite] (client) page reload src/components/ui/dialog.tsx
[2026-02-09T10:10:48.639Z] 5:10:48 AM [vite] (client) page reload src/components/ui/drawer.tsx
[2026-02-09T10:10:48.639Z] 5:10:48 AM [vite] (client) page reload src/components/ui/dropdown-menu.tsx
[2026-02-09T10:10:48.639Z] 5:10:48 AM [vite] (client) page reload src/components/ui/empty.tsx
[2026-02-09T10:10:48.640Z] 5:10:48 AM [vite] (client) page reload src/components/ui/field.tsx
[2026-02-09T10:10:48.640Z] 5:10:48 AM [vite] (client) page reload src/components/ui/form.tsx
[2026-02-09T10:10:48.640Z] 5:10:48 AM [vite] (client) page reload src/components/ui/hover-card.tsx
[2026-02-09T10:10:48.640Z] 5:10:48 AM [vite] (client) page reload src/components/ui/input-group.tsx
[2026-02-09T10:10:48.641Z] 5:10:48 AM [vite] (client) page reload src/components/ui/input-otp.tsx
[2026-02-09T10:10:48.641Z] 5:10:48 AM [vite] (client) page reload src/components/ui/input.tsx
[2026-02-09T10:10:48.641Z] 5:10:48 AM [vite] (client) page reload src/components/ui/item.tsx
[2026-02-09T10:10:48.642Z] 5:10:48 AM [vite] (client) page reload src/components/ui/kbd.tsx
[2026-02-09T10:10:48.642Z] 5:10:48 AM [vite] (client) page reload src/components/ui/label.tsx
[2026-02-09T10:10:48.642Z] 5:10:48 AM [vite] (client) page reload src/components/ui/menubar.tsx
[2026-02-09T10:10:48.642Z] 5:10:48 AM [vite] (client) page reload src/components/ui/navigation-menu.tsx
[2026-02-09T10:10:48.643Z] 5:10:48 AM [vite] (client) page reload src/components/ui/pagination.tsx
[2026-02-09T10:10:48.643Z] 5:10:48 AM [vite] (client) page reload src/components/ui/popover.tsx
[2026-02-09T10:10:48.643Z] 5:10:48 AM [vite] (client) page reload src/components/ui/progress.tsx
[2026-02-09T10:10:48.644Z] 5:10:48 AM [vite] (client) page reload src/components/ui/radio-group.tsx
[2026-02-09T10:10:48.644Z] 5:10:48 AM [vite] (client) page reload src/components/ui/resizable.tsx
[2026-02-09T10:10:48.644Z] 5:10:48 AM [vite] (client) page reload src/components/ui/scroll-area.tsx
[2026-02-09T10:10:48.644Z] 5:10:48 AM [vite] (client) page reload src/components/ui/select.tsx
[2026-02-09T10:10:48.645Z] 5:10:48 AM [vite] (client) page reload src/components/ui/separator.tsx
[2026-02-09T10:10:48.645Z] 5:10:48 AM [vite] (client) page reload src/components/ui/sheet.tsx
[2026-02-09T10:10:48.645Z] 5:10:48 AM [vite] (client) page reload src/components/ui/sidebar.tsx
[2026-02-09T10:10:48.645Z] 5:10:48 AM [vite] (client) page reload src/components/ui/skeleton.tsx
[2026-02-09T10:10:48.646Z] 5:10:48 AM [vite] (client) page reload src/components/ui/slider.tsx
[2026-02-09T10:10:48.646Z] 5:10:48 AM [vite] (client) page reload src/components/ui/sonner.tsx
[2026-02-09T10:10:48.646Z] 5:10:48 AM [vite] (client) page reload src/components/ui/spinner.tsx
[2026-02-09T10:10:48.646Z] 5:10:48 AM [vite] (client) page reload src/components/ui/switch.tsx
[2026-02-09T10:10:48.647Z] 5:10:48 AM [vite] (client) page reload src/components/ui/table.tsx
[2026-02-09T10:10:48.647Z] 5:10:48 AM [vite] (client) page reload src/components/ui/tabs.tsx
[2026-02-09T10:10:48.648Z] 5:10:48 AM [vite] (client) page reload src/components/ui/textarea.tsx
[2026-02-09T10:10:48.649Z] 5:10:48 AM [vite] (client) page reload src/components/ui/toggle-group.tsx
[2026-02-09T10:10:48.649Z] 5:10:48 AM [vite] (client) page reload src/components/ui/toggle.tsx
[2026-02-09T10:10:48.649Z] 5:10:48 AM [vite] (client) page reload src/components/ui/tooltip.tsx
[2026-02-09T10:10:48.649Z] 5:10:48 AM [vite] (client) page reload src/components/voice/MicrophonePermissionUI.test.ts
[2026-02-09T10:10:48.650Z] 5:10:48 AM [vite] (client) page reload src/components/voice/MicrophonePermissionUI.tsx
[2026-02-09T10:10:48.650Z] 5:10:48 AM [vite] (client) page reload src/components/voice/VoiceCommandInterface.tsx
[2026-02-09T10:10:48.650Z] 5:10:48 AM [vite] (client) page reload src/contexts/PresetContext.tsx
[2026-02-09T10:10:48.650Z] 5:10:48 AM [vite] (client) page reload src/contexts/ThemeContext.tsx
[2026-02-09T10:10:48.651Z] 5:10:48 AM [vite] (client) page reload src/contexts/ToastContext.tsx
[2026-02-09T10:10:48.651Z] 5:10:48 AM [vite] (client) page reload src/hooks/useActivityTimeline.ts
[2026-02-09T10:10:48.651Z] 5:10:48 AM [vite] (client) page reload src/hooks/useAdvancedFeatures.ts
[2026-02-09T10:10:48.651Z] 5:10:48 AM [vite] (client) page reload src/hooks/useAgentWebSocket.ts
[2026-02-09T10:10:48.652Z] 5:10:48 AM [vite] (client) page reload src/hooks/useBatchOperations.ts
[2026-02-09T10:10:48.652Z] 5:10:48 AM [vite] (client) page reload src/hooks/useComposition.ts
[2026-02-09T10:10:48.652Z] 5:10:48 AM [vite] (client) page reload src/hooks/useEnhancedWebSocket.ts
[2026-02-09T10:10:48.652Z] 5:10:48 AM [vite] (client) page reload src/hooks/useGestureControls.ts
[2026-02-09T10:10:48.653Z] 5:10:48 AM [vite] (client) page reload src/hooks/useKeyboardShortcuts.ts
[2026-02-09T10:10:48.653Z] 5:10:48 AM [vite] (client) page reload src/hooks/useMessageQueue.ts
[2026-02-09T10:10:48.653Z] 5:10:48 AM [vite] (client) page reload src/hooks/useMobile.tsx
[2026-02-09T10:10:48.653Z] 5:10:48 AM [vite] (client) page reload src/hooks/useNotificationsDashboard.ts
[2026-02-09T10:10:48.654Z] 5:10:48 AM [vite] (client) page reload src/hooks/useOfflineSync.ts
[2026-02-09T10:10:48.654Z] 5:10:48 AM [vite] (client) page reload src/hooks/usePersistFn.ts
[2026-02-09T10:10:48.654Z] 5:10:48 AM [vite] (client) page reload src/hooks/useSessionPersistence.ts
[2026-02-09T10:10:48.654Z] 5:10:48 AM [vite] (client) page reload src/hooks/useSessionPolling.ts
[2026-02-09T10:10:48.655Z] 5:10:48 AM [vite] (client) page reload src/hooks/useSessionTags.ts
[2026-02-09T10:10:48.655Z] 5:10:48 AM [vite] (client) page reload src/hooks/useSwipeGesture.ts
[2026-02-09T10:10:48.655Z] 5:10:48 AM [vite] (client) page reload src/hooks/useVoiceCommands.ts
[2026-02-09T10:10:48.655Z] 5:10:48 AM [vite] (client) page reload src/hooks/useWebSocketSync.ts
[2026-02-09T10:10:48.656Z] 5:10:48 AM [vite] (client) page reload src/hooks/useWorkflowBuilder.ts
[2026-02-09T10:10:48.656Z] 5:10:48 AM [vite] (client) page reload src/hooks/__tests__/useGestureControls.test.ts
[2026-02-09T10:10:48.656Z] 5:10:48 AM [vite] (client) page reload src/lib/advancedReporting.ts
[2026-02-09T10:10:48.656Z] 5:10:48 AM [vite] (client) page reload src/lib/aiSceneGeneration.ts
[2026-02-09T10:10:48.657Z] 5:10:48 AM [vite] (client) page reload src/lib/analytics.test.ts
[2026-02-09T10:10:48.657Z] 5:10:48 AM [vite] (client) page reload src/lib/analytics.ts
[2026-02-09T10:10:48.657Z] 5:10:48 AM [vite] (client) page reload src/lib/analyticsExport.test.ts
[2026-02-09T10:10:48.658Z] 5:10:48 AM [vite] (client) page reload src/lib/analyticsExport.ts
[2026-02-09T10:10:48.658Z] 5:10:48 AM [vite] (client) page reload src/lib/anomalyDetection.ts
[2026-02-09T10:10:48.658Z] 5:10:48 AM [vite] (client) page reload src/lib/automationScheduling.ts
[2026-02-09T10:10:48.659Z] 5:10:48 AM [vite] (client) page reload src/lib/batchVideoProcessing.ts
[2026-02-09T10:10:48.659Z] 5:10:48 AM [vite] (client) page reload src/lib/chatHistoryStorage.test.ts
[2026-02-09T10:10:48.660Z] 5:10:48 AM [vite] (client) page reload src/lib/chatHistoryStorage.ts
[2026-02-09T10:10:48.660Z] 5:10:48 AM [vite] (client) page reload src/lib/collaboration.ts
[2026-02-09T10:10:48.660Z] 5:10:48 AM [vite] (client) page reload src/lib/contentRecommendations.ts
[2026-02-09T10:10:48.661Z] 5:10:48 AM [vite] (client) page reload src/lib/controlDashboard.ts
[2026-02-09T10:10:48.661Z] 5:10:48 AM [vite] (client) page reload src/lib/customWidgets.ts
[2026-02-09T10:10:48.661Z] 5:10:48 AM [vite] (client) page reload src/lib/fileEncryption.ts
[2026-02-09T10:10:48.661Z] 5:10:48 AM [vite] (client) page reload src/lib/filePreview.ts
[2026-02-09T10:10:48.662Z] 5:10:48 AM [vite] (client) page reload src/lib/fileSharing.ts
[2026-02-09T10:10:48.662Z] 5:10:48 AM [vite] (client) page reload src/lib/fileVersioning.ts
[2026-02-09T10:10:48.662Z] 5:10:48 AM [vite] (client) page reload src/lib/filmProduction.ts
[2026-02-09T10:10:48.662Z] 5:10:48 AM [vite] (client) page reload src/lib/formatTime.ts
[2026-02-09T10:10:48.663Z] 5:10:48 AM [vite] (client) page reload src/lib/hybridcastFavorites.ts
[2026-02-09T10:10:48.663Z] 5:10:48 AM [vite] (client) page reload src/lib/iOSApp.ts
[2026-02-09T10:10:48.663Z] 5:10:48 AM [vite] (client) page reload src/lib/metricsStreamingService.ts
[2026-02-09T10:10:48.663Z] 5:10:48 AM [vite] (client) page reload src/lib/mobileAppAPI.ts
[2026-02-09T10:10:48.664Z] 5:10:48 AM [vite] (client) page reload src/lib/presetMarketplace.ts
[2026-02-09T10:10:48.664Z] 5:10:48 AM [vite] (client) page reload src/lib/productionBots.ts
[2026-02-09T10:10:48.664Z] 5:10:48 AM [vite] (client) page reload src/lib/projectManagement.ts
[2026-02-09T10:10:48.664Z] 5:10:48 AM [vite] (client) page reload src/lib/pushNotifications.test.ts
[2026-02-09T10:10:48.665Z] 5:10:48 AM [vite] (client) page reload src/lib/pushNotifications.ts
[2026-02-09T10:10:48.665Z] 5:10:48 AM [vite] (client) page reload src/lib/pwaService.ts
[2026-02-09T10:10:48.665Z] 5:10:48 AM [vite] (client) page reload src/lib/recommendationEngine.ts
[2026-02-09T10:10:48.666Z] 5:10:48 AM [vite] (client) page reload src/lib/resourceMonitoring.ts
[2026-02-09T10:10:48.666Z] 5:10:48 AM [vite] (client) page reload src/lib/scenePreviewGeneration.ts
[2026-02-09T10:10:48.666Z] 5:10:48 AM [vite] (client) page reload src/lib/teamManagement.ts
[2026-02-09T10:10:48.666Z] 5:10:48 AM [vite] (client) page reload src/lib/teamWorkspace.ts
[2026-02-09T10:10:48.667Z] 5:10:48 AM [vite] (client) page reload src/lib/translator.ts
[2026-02-09T10:10:48.667Z] 5:10:48 AM [vite] (client) page reload src/lib/trpc.ts
[2026-02-09T10:10:48.667Z] 5:10:48 AM [vite] (client) page reload src/lib/utils.ts
[2026-02-09T10:10:48.668Z] 5:10:48 AM [vite] (client) page reload src/lib/videoGeneration.test.ts
[2026-02-09T10:10:48.668Z] 5:10:48 AM [vite] (client) page reload src/lib/videoGeneration.ts
[2026-02-09T10:10:48.668Z] 5:10:48 AM [vite] (client) page reload src/lib/voiceService.ts
[2026-02-09T10:10:48.668Z] 5:10:48 AM [vite] (client) page reload src/lib/webhookIntegration.ts
[2026-02-09T10:10:48.669Z] 5:10:48 AM [vite] (client) page reload src/lib/websocket.ts
[2026-02-09T10:10:48.669Z] 5:10:48 AM [vite] (client) page reload src/lib/websocketService.ts
[2026-02-09T10:10:48.669Z] 5:10:48 AM [vite] (client) page reload src/lib/websocketSync.ts
[2026-02-09T10:10:48.669Z] 5:10:48 AM [vite] (client) page reload src/pages/APIDocumentation.tsx
[2026-02-09T10:10:48.670Z] 5:10:48 AM [vite] (client) page reload src/pages/AdminAnalyticsDashboard.tsx
[2026-02-09T10:10:48.670Z] 5:10:48 AM [vite] (client) page reload src/pages/AdminDashboard.tsx
[2026-02-09T10:10:48.670Z] 5:10:48 AM [vite] (client) page reload src/pages/AdminDecisionDashboard.tsx
[2026-02-09T10:10:48.671Z] 5:10:48 AM [vite] (client) page reload src/pages/AdminModeration.tsx
[2026-02-09T10:10:48.671Z] 5:10:48 AM [vite] (client) page reload src/pages/AdminMonitoringDashboard.tsx
[2026-02-09T10:10:48.671Z] 5:10:48 AM [vite] (client) page reload src/pages/AdvancedAnalyticsDashboard.tsx
[2026-02-09T10:10:48.671Z] 5:10:48 AM [vite] (client) page reload src/pages/AdvancedSearch.tsx
[2026-02-09T10:10:48.672Z] 5:10:48 AM [vite] (client) page reload src/pages/AgentCloningUI.tsx
[2026-02-09T10:10:48.672Z] 5:10:48 AM [vite] (client) page reload src/pages/AgentDashboard.tsx
[2026-02-09T10:10:48.672Z] 5:10:48 AM [vite] (client) page reload src/pages/AgentDashboardUI.tsx
[2026-02-09T10:10:48.672Z] 5:10:48 AM [vite] (client) page reload src/pages/AnalyticsDashboard.tsx
[2026-02-09T10:10:48.673Z] 5:10:48 AM [vite] (client) page reload src/pages/AnalyticsDashboardUI.tsx
[2026-02-09T10:10:48.673Z] 5:10:48 AM [vite] (client) page reload src/pages/AnalyticsReportingDashboard.tsx
[2026-02-09T10:10:48.673Z] 5:10:48 AM [vite] (client) page reload src/pages/AudioEditor.tsx
[2026-02-09T10:10:48.674Z] 5:10:48 AM [vite] (client) page reload src/pages/AuditLogViewer.tsx
[2026-02-09T10:10:48.674Z] 5:10:48 AM [vite] (client) page reload src/pages/AuditTrailViewer.tsx
[2026-02-09T10:10:48.674Z] 5:10:48 AM [vite] (client) page reload src/pages/AutomatedRemediationWorkflows.tsx
[2026-02-09T10:10:48.674Z] 5:10:48 AM [vite] (client) page reload src/pages/AutonomousDashboard.tsx
[2026-02-09T10:10:48.675Z] 5:10:48 AM [vite] (client) page reload src/pages/AutonomousDashboardPage.tsx
[2026-02-09T10:10:48.675Z] 5:10:48 AM [vite] (client) page reload src/pages/BackupManagement.tsx
[2026-02-09T10:10:48.675Z] 5:10:48 AM [vite] (client) page reload src/pages/BatchTemplateManager.tsx
[2026-02-09T10:10:48.675Z] 5:10:48 AM [vite] (client) page reload src/pages/BatchVideoGenerator.tsx
[2026-02-09T10:10:48.676Z] 5:10:48 AM [vite] (client) page reload src/pages/BillingDashboard.tsx
[2026-02-09T10:10:48.676Z] 5:10:48 AM [vite] (client) page reload src/pages/BroadcastOrchestrationHub.tsx
[2026-02-09T10:10:48.676Z] 5:10:48 AM [vite] (client) page reload src/pages/BroadcastScheduler.tsx
[2026-02-09T10:10:48.676Z] 5:10:48 AM [vite] (client) page reload src/pages/BroadcastTemplatesLibrary.tsx
[2026-02-09T10:10:48.677Z] 5:10:48 AM [vite] (client) page reload src/pages/BusinessDashboard.tsx
[2026-02-09T10:10:48.677Z] 5:10:48 AM [vite] (client) page reload src/pages/CanrynDashboard.tsx
[2026-02-09T10:10:48.677Z] 5:10:48 AM [vite] (client) page reload src/pages/ChatExportPage.tsx
[2026-02-09T10:10:48.678Z] 5:10:48 AM [vite] (client) page reload src/pages/ChatManagement.tsx
[2026-02-09T10:10:48.678Z] 5:10:48 AM [vite] (client) page reload src/pages/ClientPortal.tsx
[2026-02-09T10:10:48.678Z] 5:10:48 AM [vite] (client) page reload src/pages/CollaborationInvitesUI.tsx
[2026-02-09T10:10:48.678Z] 5:10:48 AM [vite] (client) page reload src/pages/CollaborationPage.tsx
[2026-02-09T10:10:48.679Z] 5:10:48 AM [vite] (client) page reload src/pages/CollaborativeEditor.tsx
[2026-02-09T10:10:48.679Z] 5:10:48 AM [vite] (client) page reload src/pages/Community.tsx
[2026-02-09T10:10:48.679Z] 5:10:48 AM [vite] (client) page reload src/pages/ComplianceAuditViewer.tsx
[2026-02-09T10:10:48.679Z] 5:10:48 AM [vite] (client) page reload src/pages/ComponentShowcase.tsx
[2026-02-09T10:10:48.680Z] 5:10:48 AM [vite] (client) page reload src/pages/ComprehensiveDashboardPage.tsx
[2026-02-09T10:10:48.680Z] 5:10:48 AM [vite] (client) page reload src/pages/CostOptimizationDashboard.tsx
[2026-02-09T10:10:48.680Z] 5:10:48 AM [vite] (client) page reload src/pages/CreatorOnboarding.tsx
[2026-02-09T10:10:48.681Z] 5:10:48 AM [vite] (client) page reload src/pages/CustomDashboardBuilder.tsx
[2026-02-09T10:10:48.681Z] 5:10:48 AM [vite] (client) page reload src/pages/DecisionPolicyEditor.tsx
[2026-02-09T10:10:48.681Z] 5:10:48 AM [vite] (client) page reload src/pages/DocumentUpload.tsx
[2026-02-09T10:10:48.681Z] 5:10:48 AM [vite] (client) page reload src/pages/DonationCheckout.tsx
[2026-02-09T10:10:48.682Z] 5:10:48 AM [vite] (client) page reload src/pages/EmergencyAlertSystem.tsx
[2026-02-09T10:10:48.682Z] 5:10:48 AM [vite] (client) page reload src/pages/EmergencyBroadcastAdminPanel.tsx
[2026-02-09T10:10:48.682Z] 5:10:48 AM [vite] (client) page reload src/pages/EnhancedChatPage.tsx
[2026-02-09T10:10:48.682Z] 5:10:48 AM [vite] (client) page reload src/pages/FeatureAnalyticsDashboard.tsx
[2026-02-09T10:10:48.683Z] 5:10:48 AM [vite] (client) page reload src/pages/GPSRadarMapPage.tsx
[2026-02-09T10:10:48.683Z] 5:10:48 AM [vite] (client) page reload src/pages/Home.tsx
[2026-02-09T10:10:48.683Z] 5:10:48 AM [vite] (client) page reload src/pages/HumanOverrideSystem.tsx
[2026-02-09T10:10:48.683Z] 5:10:48 AM [vite] (client) page reload src/pages/HybridCastAnalyticsDashboard.tsx
[2026-02-09T10:10:48.684Z] 5:10:48 AM [vite] (client) page reload src/pages/HybridCastBroadcastManagement.tsx
[2026-02-09T10:10:48.684Z] 5:10:48 AM [vite] (client) page reload src/pages/HybridCastConfig.tsx
[2026-02-09T10:10:48.684Z] 5:10:48 AM [vite] (client) page reload src/pages/HybridCastHub.tsx
[2026-02-09T10:10:48.684Z] 5:10:48 AM [vite] (client) page reload src/pages/HybridCastIntegration.tsx
[2026-02-09T10:10:48.685Z] 5:10:48 AM [vite] (client) page reload src/pages/HybridCastNotificationCenter.tsx
[2026-02-09T10:10:48.685Z] 5:10:48 AM [vite] (client) page reload src/pages/ListenerDashboard.tsx
[2026-02-09T10:10:48.685Z] 5:10:48 AM [vite] (client) page reload src/pages/MasterDashboard.tsx
[2026-02-09T10:10:48.685Z] 5:10:48 AM [vite] (client) page reload src/pages/MeditationHub.tsx
[2026-02-09T10:10:48.686Z] 5:10:48 AM [vite] (client) page reload src/pages/MobileResponsiveAdminPanel.tsx
[2026-02-09T10:10:48.686Z] 5:10:48 AM [vite] (client) page reload src/pages/MobileStudio.tsx
[2026-02-09T10:10:48.686Z] 5:10:48 AM [vite] (client) page reload src/pages/ModelFineTuning.tsx
[2026-02-09T10:10:48.686Z] 5:10:48 AM [vite] (client) page reload src/pages/MonitoringDashboard.tsx
[2026-02-09T10:10:48.687Z] 5:10:48 AM [vite] (client) page reload src/pages/MotionGenerationStudio.tsx
[2026-02-09T10:10:48.687Z] 5:10:48 AM [vite] (client) page reload src/pages/NotFound.tsx
[2026-02-09T10:10:48.687Z] 5:10:48 AM [vite] (client) page reload src/pages/NotificationCenter.tsx
[2026-02-09T10:10:48.688Z] 5:10:48 AM [vite] (client) page reload src/pages/OptimizationHub.tsx
[2026-02-09T10:10:48.688Z] 5:10:48 AM [vite] (client) page reload src/pages/PlatformMonitoringDashboard.tsx
[2026-02-09T10:10:48.692Z] 5:10:48 AM [vite] (client) page reload src/pages/PodcastDiscovery.tsx
[2026-02-09T10:10:48.692Z] 5:10:48 AM [vite] (client) page reload src/pages/PolicyDecisionLogging.tsx
[2026-02-09T10:10:48.692Z] 5:10:48 AM [vite] (client) page reload src/pages/ProductionDashboard.tsx
[2026-02-09T10:10:48.693Z] 5:10:48 AM [vite] (client) page reload src/pages/ProofVaultSearch.tsx
[2026-02-09T10:10:48.693Z] 5:10:48 AM [vite] (client) page reload src/pages/QumusChatPage.tsx
[2026-02-09T10:10:48.693Z] 5:10:48 AM [vite] (client) page reload src/pages/QumusMonitoringDashboard.tsx
[2026-02-09T10:10:48.694Z] 5:10:48 AM [vite] (client) page reload src/pages/RadioStation.tsx
[2026-02-09T10:10:48.694Z] 5:10:48 AM [vite] (client) page reload src/pages/RateLimitingDashboard.tsx
[2026-02-09T10:10:48.694Z] 5:10:48 AM [vite] (client) page reload src/pages/Review.tsx
[2026-02-09T10:10:48.695Z] 5:10:48 AM [vite] (client) page reload src/pages/RockinBoogieAdminDashboard.tsx
[2026-02-09T10:10:48.695Z] 5:10:48 AM [vite] (client) page reload src/pages/RockinBoogieContentManager.tsx
[2026-02-09T10:10:48.695Z] 5:10:48 AM [vite] (client) page reload src/pages/RockinBoogieManager.tsx
[2026-02-09T10:10:48.696Z] 5:10:48 AM [vite] (client) page reload src/pages/RockinRockinBoogiePage.tsx
[2026-02-09T10:10:48.696Z] 5:10:48 AM [vite] (client) page reload src/pages/ScheduledExportManager.tsx
[2026-02-09T10:10:48.696Z] 5:10:48 AM [vite] (client) page reload src/pages/ServiceHealthAlerts.tsx
[2026-02-09T10:10:48.697Z] 5:10:48 AM [vite] (client) page reload src/pages/SettingsPanel.tsx
[2026-02-09T10:10:48.697Z] 5:10:48 AM [vite] (client) page reload src/pages/SharedVideoPage.tsx
[2026-02-09T10:10:48.697Z] 5:10:48 AM [vite] (client) page reload src/pages/Solbones.tsx
[2026-02-09T10:10:48.698Z] 5:10:48 AM [vite] (client) page reload src/pages/Studio.tsx
[2026-02-09T10:10:48.698Z] 5:10:48 AM [vite] (client) page reload src/pages/SweetMiraclesDashboard.tsx
[2026-02-09T10:10:48.698Z] 5:10:48 AM [vite] (client) page reload src/pages/TeamManagement.tsx
[2026-02-09T10:10:48.698Z] 5:10:48 AM [vite] (client) page reload src/pages/TemplateMarketplaceUI.tsx
[2026-02-09T10:10:48.699Z] 5:10:48 AM [vite] (client) page reload src/pages/UsageDashboard.tsx
[2026-02-09T10:10:48.699Z] 5:10:48 AM [vite] (client) page reload src/pages/UsageQuotasUI.tsx
[2026-02-09T10:10:48.699Z] 5:10:48 AM [vite] (client) page reload src/pages/UsageReports.tsx
[2026-02-09T10:10:48.700Z] 5:10:48 AM [vite] (client) page reload src/pages/UserPreferences.test.ts
[2026-02-09T10:10:48.700Z] 5:10:48 AM [vite] (client) page reload src/pages/UserPreferences.tsx
[2026-02-09T10:10:48.700Z] 5:10:48 AM [vite] (client) page reload src/pages/UserProfile.tsx
[2026-02-09T10:10:48.700Z] 5:10:48 AM [vite] (client) page reload src/pages/VideoAnalytics.tsx
[2026-02-09T10:10:48.701Z] 5:10:48 AM [vite] (client) page reload src/pages/VideoGallery.tsx
[2026-02-09T10:10:48.701Z] 5:10:48 AM [vite] (client) page reload src/pages/VideoProcessingStudio.tsx
[2026-02-09T10:10:48.701Z] 5:10:48 AM [vite] (client) page reload src/pages/VideoProductionPage.tsx
[2026-02-09T10:10:48.701Z] 5:10:48 AM [vite] (client) page reload src/pages/VideoQueueManager.tsx
[2026-02-09T10:10:48.702Z] 5:10:48 AM [vite] (client) page reload src/pages/VideoSearch.tsx
[2026-02-09T10:10:48.702Z] 5:10:48 AM [vite] (client) page reload src/pages/VideoTimelineEditor.tsx
[2026-02-09T10:10:48.702Z] 5:10:48 AM [vite] (client) page reload src/pages/VideoWatermarkEditor.tsx
[2026-02-09T10:10:48.703Z] 5:10:48 AM [vite] (client) page reload src/pages/VoiceFeedbackSettings.tsx
[2026-02-09T10:10:48.703Z] 5:10:48 AM [vite] (client) page reload src/pages/WebhookManagement.tsx
[2026-02-09T10:10:48.703Z] 5:10:48 AM [vite] (client) page reload src/pages/WebhookMarketplace.tsx
[2026-02-09T10:10:48.704Z] 5:10:48 AM [vite] (client) page reload src/services/capacitorService.ts
[2026-02-09T10:10:48.704Z] 5:10:48 AM [vite] (client) page reload src/services/notificationService.ts
[2026-02-09T10:10:48.704Z] 5:10:48 AM [vite] (client) page reload src/services/offlineDownloadService.ts
[2026-02-09T10:10:54.301Z] Dev server process group stopped
[2026-02-09T10:10:54.305Z] ELIFECYCLE  Command failed.
[2026-02-09T10:10:54.335Z] Dev server exited with code -15
[2026-02-09T10:12:29.422Z] Starting dev server with command: pnpm run dev
[2026-02-09T10:12:30.235Z] 
[2026-02-09T10:12:30.236Z] > manus-agent-web@1.0.0 dev /home/ubuntu/manus-agent-web
[2026-02-09T10:12:30.236Z] > NODE_ENV=development tsx watch server/_core/index.ts
[2026-02-09T10:12:30.236Z] 
[2026-02-09T10:12:32.472Z] [OAuth] Initialized with baseURL: https://api.manus.im
[2026-02-09T10:12:32.592Z] 🚀 QUMUS Orchestration Engine Initializing...
[2026-02-09T10:12:32.593Z] 📊 Loading 8 Decision Policies
[2026-02-09T10:12:32.594Z] 🔌 Connecting 11+ Services
[2026-02-09T10:12:32.594Z] 🎯 Starting Autonomous Operations at 90%+ Autonomy
[2026-02-09T10:12:32.594Z] 🎵 Operating Rockin' Rockin' Boogie
[2026-02-09T10:12:32.595Z] ✅ QUMUS Ready - Full Autonomous Operations Active
[2026-02-09T10:12:32.617Z] [Canryn] Subsidiary registered: Qumus
[2026-02-09T10:12:32.617Z] [Canryn] Subsidiary registered: RRB Radio
[2026-02-09T10:12:32.618Z] [Canryn] Subsidiary registered: HybridCast
[2026-02-09T10:12:32.618Z] [Canryn] Subsidiary registered: Sweet Miracles
[2026-02-09T10:12:32.618Z] [Canryn] Subsidiary registered: Rockin Rockin Boogie
[2026-02-09T10:12:32.618Z] [Canryn] Ecosystem initialized with 5 subsidiaries
[2026-02-09T10:12:32.854Z] [WebSocket] Manager initialized
[2026-02-09T10:12:32.908Z] Server running on http://localhost:3000/
[2026-02-09T10:12:40.075Z] [baseline-browser-mapping] The data in this module is over two months old.  To ensure accurate Baseline data, please update: `npm i baseline-browser-mapping@latest -D`
[2026-02-09T10:12:44.204Z] [vite:css][postcss] @import must precede all other statements (besides @charset or empty @layer)
[2026-02-09T10:12:44.206Z] 9586 |    initial-value: 0;
[2026-02-09T10:12:44.207Z] 9587 |  }
[2026-02-09T10:12:44.207Z] 9588 |  @import url('https://fonts.googleapis.com/css2?family=Geist:wght@400;500;600;700&family=JetBrains+Mono:wght@400;500;6...
[2026-02-09T10:12:44.207Z] |  ^^^^^^^^^^^^^^^^^^^^^^^^^^^^^^^^^^^^^^^^^^^^^^^^^^^^^^^^^^^^^^^^^^^^^^^^^^^^^^^^^^^^^^^^^^^^^^^^^^^^^^^^^^^^^^^^^^^^^^^^
[2026-02-09T10:12:44.208Z] 9589 |  :root {
[2026-02-09T10:12:44.208Z] 9590 |    --primary: oklch(0.55 0.2 259.815);
[2026-02-09T10:12:50.302Z] 5:12:50 AM [vite] (client) hmr update /src/App.tsx, /src/index.css
[2026-02-09T10:13:32.707Z] Agent network error: discovery TypeError: fetch failed
[2026-02-09T10:13:32.710Z] at node:internal/deps/undici/undici:13484:13
[2026-02-09T10:13:32.711Z] at process.processTicksAndRejections (node:internal/process/task_queues:105:5)
[2026-02-09T10:13:32.711Z] at async AgentNetworkService.discoverAgents (/home/ubuntu/manus-agent-web/server/services/agentNetworkService.ts:162:24)
[2026-02-09T10:13:32.711Z] at async Timeout._onTimeout (/home/ubuntu/manus-agent-web/server/services/agentNetworkService.ts:488:22) {
[2026-02-09T10:13:32.711Z] [cause]: Error: getaddrinfo ENOTFOUND agent-registry.qumus.io
[2026-02-09T10:13:32.712Z] at GetAddrInfoReqWrap.onlookupall [as oncomplete] (node:dns:120:26) {
[2026-02-09T10:13:32.712Z] errno: -3008,
[2026-02-09T10:13:32.712Z] code: 'ENOTFOUND',
[2026-02-09T10:13:32.713Z] syscall: 'getaddrinfo',
[2026-02-09T10:13:32.713Z] hostname: 'agent-registry.qumus.io'
[2026-02-09T10:13:32.713Z] }
[2026-02-09T10:13:32.713Z] }
[2026-02-09T10:14:32.614Z] Agent network error: discovery TypeError: fetch failed
[2026-02-09T10:14:32.619Z] at node:internal/deps/undici/undici:13484:13
[2026-02-09T10:14:32.620Z] at process.processTicksAndRejections (node:internal/process/task_queues:105:5)
[2026-02-09T10:14:32.620Z] at async AgentNetworkService.discoverAgents (/home/ubuntu/manus-agent-web/server/services/agentNetworkService.ts:162:24)
[2026-02-09T10:14:32.620Z] at async Timeout._onTimeout (/home/ubuntu/manus-agent-web/server/services/agentNetworkService.ts:488:22) {
[2026-02-09T10:14:32.621Z] [cause]: Error: getaddrinfo ENOTFOUND agent-registry.qumus.io
[2026-02-09T10:14:32.621Z] at GetAddrInfoReqWrap.onlookupall [as oncomplete] (node:dns:120:26) {
[2026-02-09T10:14:32.621Z] errno: -3008,
[2026-02-09T10:14:32.622Z] code: 'ENOTFOUND',
[2026-02-09T10:14:32.622Z] syscall: 'getaddrinfo',
[2026-02-09T10:14:32.622Z] hostname: 'agent-registry.qumus.io'
[2026-02-09T10:14:32.622Z] }
[2026-02-09T10:14:32.623Z] }
[2026-02-09T10:16:32.621Z] Agent network error: discovery TypeError: fetch failed
[2026-02-09T10:16:32.623Z] at node:internal/deps/undici/undici:13484:13
[2026-02-09T10:16:32.623Z] at process.processTicksAndRejections (node:internal/process/task_queues:105:5)
[2026-02-09T10:16:32.623Z] at async AgentNetworkService.discoverAgents (/home/ubuntu/manus-agent-web/server/services/agentNetworkService.ts:162:24)
[2026-02-09T10:16:32.624Z] at async Timeout._onTimeout (/home/ubuntu/manus-agent-web/server/services/agentNetworkService.ts:488:22) {
[2026-02-09T10:16:32.624Z] [cause]: Error: getaddrinfo ENOTFOUND agent-registry.qumus.io
[2026-02-09T10:16:32.624Z] at GetAddrInfoReqWrap.onlookupall [as oncomplete] (node:dns:120:26) {
[2026-02-09T10:16:32.624Z] errno: -3008,
[2026-02-09T10:16:32.625Z] code: 'ENOTFOUND',
[2026-02-09T10:16:32.625Z] syscall: 'getaddrinfo',
[2026-02-09T10:16:32.626Z] hostname: 'agent-registry.qumus.io'
[2026-02-09T10:16:32.626Z] }
[2026-02-09T10:16:32.626Z] }
[2026-02-09T10:17:32.109Z] 5:17:32 AM [vite] (client) hmr update /src/App.tsx, /src/index.css
[2026-02-09T10:17:32.612Z] Agent network error: discovery TypeError: fetch failed
[2026-02-09T10:17:32.612Z] at node:internal/deps/undici/undici:13484:13
[2026-02-09T10:17:32.613Z] at process.processTicksAndRejections (node:internal/process/task_queues:105:5)
[2026-02-09T10:17:32.613Z] at async AgentNetworkService.discoverAgents (/home/ubuntu/manus-agent-web/server/services/agentNetworkService.ts:162:24)
[2026-02-09T10:17:32.613Z] at async Timeout._onTimeout (/home/ubuntu/manus-agent-web/server/services/agentNetworkService.ts:488:22) {
[2026-02-09T10:17:32.614Z] [cause]: Error: getaddrinfo ENOTFOUND agent-registry.qumus.io
[2026-02-09T10:17:32.614Z] at GetAddrInfoReqWrap.onlookupall [as oncomplete] (node:dns:120:26) {
[2026-02-09T10:17:32.615Z] errno: -3008,
[2026-02-09T10:17:32.615Z] code: 'ENOTFOUND',
[2026-02-09T10:17:32.615Z] syscall: 'getaddrinfo',
[2026-02-09T10:17:32.615Z] hostname: 'agent-registry.qumus.io'
[2026-02-09T10:17:32.616Z] }
[2026-02-09T10:17:32.616Z] }
